Log file open, 11/27/18 22:02:51
LogWindows: Failed to load 'aqProf.dll' (GetLastError=126)
LogWindows: File 'aqProf.dll' does not exist
LogWindows: Failed to load 'VSPerf140.dll' (GetLastError=126)
LogWindows: File 'VSPerf140.dll' does not exist
LogWindows: Failed to load 'VtuneApi.dll' (GetLastError=126)
LogWindows: File 'VtuneApi.dll' does not exist
LogWindows: Failed to load 'VtuneApi32e.dll' (GetLastError=126)
LogWindows: File 'VtuneApi32e.dll' does not exist
LogInit: Display: Running engine for game: Fun_revived
LogPlatformFile: Not using cached read wrapper
LogInit: Display: RandInit(-2054453172) SRandInit(-2054453172).
LogInit: Read version file with build ID '3709383'
LogInit: Overriding engine version to CL 3832480, compatible CL 3709383
LogInit: Registered custom module enumerator with build ID '3709383'
LogTaskGraph: Started task graph with 5 named threads and 14 total threads with 3 sets of task threads.
LogStats: Stats thread started at 0.175570
LogD3D11RHI: Aftermath initialized
LogModuleManager: Display: Found up-to-date module file ../../../Engine/Plugins/2D/Paper2D/Binaries/Win64/UE4Editor-Paper2D.dll (API version 3709383).
LogModuleManager: Display: Found up-to-date module file ../../../Engine/Plugins/2D/Paper2D/Binaries/Win64/UE4Editor-Paper2DEditor.dll (API version 3709383).
LogModuleManager: Display: Found up-to-date module file ../../../Engine/Plugins/2D/Paper2D/Binaries/Win64/UE4Editor-PaperSpriteSheetImporter.dll (API version 3709383).
LogModuleManager: Display: Found up-to-date module file ../../../Engine/Plugins/2D/Paper2D/Binaries/Win64/UE4Editor-PaperTiledImporter.dll (API version 3709383).
LogModuleManager: Display: Found up-to-date module file ../../../Engine/Plugins/2D/Paper2D/Binaries/Win64/UE4Editor-SmartSnapping.dll (API version 3709383).
LogModuleManager: Display: Found up-to-date module file ../../../Engine/Plugins/Blendables/LightPropagationVolume/Binaries/Win64/UE4Editor-LightPropagationVolumeRuntime.dll (API version 3709383).
LogModuleManager: Display: Found up-to-date module file ../../../Engine/Plugins/Blendables/LightPropagationVolume/Binaries/Win64/UE4Editor-LightPropagationVolumeEditor.dll (API version 3709383).
LogModuleManager: Display: Found up-to-date module file ../../../Engine/Plugins/Developer/GitSourceControl/Binaries/Win64/UE4Editor-GitSourceControl.dll (API version 3709383).
LogModuleManager: Display: Found up-to-date module file ../../../Engine/Plugins/Developer/PerforceSourceControl/Binaries/Win64/UE4Editor-PerforceSourceControl.dll (API version 3709383).
LogModuleManager: Display: Found up-to-date module file ../../../Engine/Plugins/Developer/SubversionSourceControl/Binaries/Win64/UE4Editor-SubversionSourceControl.dll (API version 3709383).
LogModuleManager: Display: Found up-to-date module file ../../../Engine/Plugins/Developer/UObjectPlugin/Binaries/Win64/UE4Editor-UObjectPlugin.dll (API version 3709383).
LogModuleManager: Display: Found up-to-date module file ../../../Engine/Plugins/Developer/VisualStudioCodeSourceCodeAccess/Binaries/Win64/UE4Editor-VisualStudioCodeSourceCodeAccess.dll (API version 3709383).
LogModuleManager: Display: Found up-to-date module file ../../../Engine/Plugins/Developer/VisualStudioSourceCodeAccess/Binaries/Win64/UE4Editor-VisualStudioSourceCodeAccess.dll (API version 3709383).
LogModuleManager: Display: Found up-to-date module file ../../../Engine/Plugins/Editor/AssetManagerEditor/Binaries/Win64/UE4Editor-AssetManagerEditor.dll (API version 3709383).
LogModuleManager: Display: Found up-to-date module file ../../../Engine/Plugins/Editor/AudioCapture/Binaries/Win64/UE4Editor-AudioCapture.dll (API version 3709383).
LogModuleManager: Display: Found up-to-date module file ../../../Engine/Plugins/Editor/FacialAnimation/Binaries/Win64/UE4Editor-FacialAnimation.dll (API version 3709383).
LogModuleManager: Display: Found up-to-date module file ../../../Engine/Plugins/Editor/FacialAnimation/Binaries/Win64/UE4Editor-FacialAnimationEditor.dll (API version 3709383).
LogModuleManager: Display: Found up-to-date module file ../../../Engine/Plugins/Editor/GameplayTagsEditor/Binaries/Win64/UE4Editor-GameplayTagsEditor.dll (API version 3709383).
LogModuleManager: Display: Found up-to-date module file ../../../Engine/Plugins/Editor/MobileLauncherProfileWizard/Binaries/Win64/UE4Editor-MobileLauncherProfileWizard.dll (API version 3709383).
LogModuleManager: Display: Found up-to-date module file ../../../Engine/Plugins/Editor/PluginBrowser/Binaries/Win64/UE4Editor-PluginBrowser.dll (API version 3709383).
LogModuleManager: Display: Found up-to-date module file ../../../Engine/Plugins/Editor/SpeedTreeImporter/Binaries/Win64/UE4Editor-SpeedTreeImporter.dll (API version 3709383).
LogModuleManager: Display: Found up-to-date module file ../../../Engine/Plugins/Experimental/AlembicImporter/Binaries/Win64/UE4Editor-AlembicImporter.dll (API version 3709383).
LogModuleManager: Display: Found up-to-date module file ../../../Engine/Plugins/Experimental/AlembicImporter/Binaries/Win64/UE4Editor-AlembicLibrary.dll (API version 3709383).
LogModuleManager: Display: Found up-to-date module file ../../../Engine/Plugins/Experimental/CharacterAI/Binaries/Win64/UE4Editor-CharacterAI.dll (API version 3709383).
LogModuleManager: Display: Found up-to-date module file ../../../Engine/Plugins/Experimental/HTML5Networking/Binaries/Win64/UE4Editor-HTML5Networking.dll (API version 3709383).
LogModuleManager: Display: Found up-to-date module file ../../../Engine/Plugins/Media/AndroidMedia/Binaries/Win64/UE4Editor-AndroidMediaEditor.dll (API version 3709383).
LogModuleManager: Display: Found up-to-date module file ../../../Engine/Plugins/Media/AndroidMedia/Binaries/Win64/UE4Editor-AndroidMediaFactory.dll (API version 3709383).
LogModuleManager: Display: Found up-to-date module file ../../../Engine/Plugins/Media/AvfMedia/Binaries/Win64/UE4Editor-AvfMediaEditor.dll (API version 3709383).
LogModuleManager: Display: Found up-to-date module file ../../../Engine/Plugins/Media/AvfMedia/Binaries/Win64/UE4Editor-AvfMediaFactory.dll (API version 3709383).
LogModuleManager: Display: Found up-to-date module file ../../../Engine/Plugins/Media/AvfMedia/Binaries/Win64/UE4Editor-AvfMediaFactory.dll (API version 3709383).
LogModuleManager: Display: Found up-to-date module file ../../../Engine/Plugins/Media/ImgMedia/Binaries/Win64/UE4Editor-ImgMedia.dll (API version 3709383).
LogModuleManager: Display: Found up-to-date module file ../../../Engine/Plugins/Media/ImgMedia/Binaries/Win64/UE4Editor-ImgMediaEditor.dll (API version 3709383).
LogModuleManager: Display: Found up-to-date module file ../../../Engine/Plugins/Media/ImgMedia/Binaries/Win64/UE4Editor-ImgMediaFactory.dll (API version 3709383).
LogModuleManager: Display: Found up-to-date module file ../../../Engine/Plugins/Media/ImgMedia/Binaries/Win64/UE4Editor-ImgMediaFactory.dll (API version 3709383).
LogModuleManager: Display: Found up-to-date module file ../../../Engine/Plugins/Media/ImgMedia/Binaries/Win64/UE4Editor-OpenExrWrapper.dll (API version 3709383).
LogModuleManager: Display: Found up-to-date module file ../../../Engine/Plugins/Media/MediaCompositing/Binaries/Win64/UE4Editor-MediaCompositing.dll (API version 3709383).
LogModuleManager: Display: Found up-to-date module file ../../../Engine/Plugins/Media/MediaCompositing/Binaries/Win64/UE4Editor-MediaCompositingEditor.dll (API version 3709383).
LogModuleManager: Display: Found up-to-date module file ../../../Engine/Plugins/Media/MediaPlayerEditor/Binaries/Win64/UE4Editor-MediaPlayerEditor.dll (API version 3709383).
LogModuleManager: Display: Found up-to-date module file ../../../Engine/Plugins/Media/WmfMedia/Binaries/Win64/UE4Editor-WmfMedia.dll (API version 3709383).
LogModuleManager: Display: Found up-to-date module file ../../../Engine/Plugins/Media/WmfMedia/Binaries/Win64/UE4Editor-WmfMediaEditor.dll (API version 3709383).
LogModuleManager: Display: Found up-to-date module file ../../../Engine/Plugins/Media/WmfMedia/Binaries/Win64/UE4Editor-WmfMediaFactory.dll (API version 3709383).
LogModuleManager: Display: Found up-to-date module file ../../../Engine/Plugins/Media/WmfMedia/Binaries/Win64/UE4Editor-WmfMediaFactory.dll (API version 3709383).
LogModuleManager: Display: Found up-to-date module file ../../../Engine/Plugins/Messaging/TcpMessaging/Binaries/Win64/UE4Editor-TcpMessaging.dll (API version 3709383).
LogModuleManager: Display: Found up-to-date module file ../../../Engine/Plugins/Messaging/UdpMessaging/Binaries/Win64/UE4Editor-UdpMessaging.dll (API version 3709383).
LogModuleManager: Display: Found up-to-date module file ../../../Engine/Plugins/MovieScene/ActorSequence/Binaries/Win64/UE4Editor-ActorSequence.dll (API version 3709383).
LogModuleManager: Display: Found up-to-date module file ../../../Engine/Plugins/MovieScene/LevelSequenceEditor/Binaries/Win64/UE4Editor-LevelSequenceEditor.dll (API version 3709383).
LogModuleManager: Display: Found up-to-date module file ../../../Engine/Plugins/MovieScene/MatineeToLevelSequence/Binaries/Win64/UE4Editor-MatineeToLevelSequence.dll (API version 3709383).
LogModuleManager: Display: Found up-to-date module file ../../../Engine/Plugins/Online/OnlineSubsystem/Binaries/Win64/UE4Editor-OnlineSubsystem.dll (API version 3709383).
LogModuleManager: Display: Found up-to-date module file ../../../Engine/Plugins/Runtime/AndroidPermission/Binaries/Win64/UE4Editor-AndroidPermission.dll (API version 3709383).
LogModuleManager: Display: Found up-to-date module file ../../../Engine/Plugins/Online/OnlineSubsystemNull/Binaries/Win64/UE4Editor-OnlineSubsystemNull.dll (API version 3709383).
LogModuleManager: Display: Found up-to-date module file ../../../Engine/Plugins/Online/OnlineSubsystemUtils/Binaries/Win64/UE4Editor-OnlineSubsystemUtils.dll (API version 3709383).
LogModuleManager: Display: Found up-to-date module file ../../../Engine/Plugins/Online/OnlineSubsystemUtils/Binaries/Win64/UE4Editor-OnlineBlueprintSupport.dll (API version 3709383).
LogModuleManager: Display: Found up-to-date module file ../../../Engine/Plugins/Runtime/AndroidDeviceProfileSelector/Binaries/Win64/UE4Editor-AndroidDeviceProfileSelector.dll (API version 3709383).
LogModuleManager: Display: Found up-to-date module file ../../../Engine/Plugins/Runtime/AppleARKit/Binaries/Win64/UE4Editor-AppleARKit.dll (API version 3709383).
LogModuleManager: Display: Found up-to-date module file ../../../Engine/Plugins/Runtime/ArchVisCharacter/Binaries/Win64/UE4Editor-ArchVisCharacter.dll (API version 3709383).
LogModuleManager: Display: Found up-to-date module file ../../../Engine/Plugins/Runtime/CableComponent/Binaries/Win64/UE4Editor-CableComponent.dll (API version 3709383).
LogModuleManager: Display: Found up-to-date module file ../../../Engine/Plugins/Runtime/CustomMeshComponent/Binaries/Win64/UE4Editor-CustomMeshComponent.dll (API version 3709383).
LogModuleManager: Display: Found up-to-date module file ../../../Engine/Plugins/Runtime/ExampleDeviceProfileSelector/Binaries/Win64/UE4Editor-ExampleDeviceProfileSelector.dll (API version 3709383).
LogModuleManager: Display: Found up-to-date module file ../../../Engine/Plugins/Runtime/ImmediatePhysics/Binaries/Win64/UE4Editor-ImmediatePhysics.dll (API version 3709383).
LogModuleManager: Display: Found up-to-date module file ../../../Engine/Plugins/Runtime/ImmediatePhysics/Binaries/Win64/UE4Editor-ImmediatePhysicsEditor.dll (API version 3709383).
LogModuleManager: Display: Found up-to-date module file ../../../Engine/Plugins/Runtime/LocationServicesBPLibrary/Binaries/Win64/UE4Editor-LocationServicesBPLibrary.dll (API version 3709383).
LogModuleManager: Display: Found up-to-date module file ../../../Engine/Plugins/Runtime/MobilePatchingUtils/Binaries/Win64/UE4Editor-MobilePatchingUtils.dll (API version 3709383).
LogModuleManager: Display: Found up-to-date module file ../../../Engine/Plugins/Runtime/Oculus/OculusVR/Binaries/Win64/UE4Editor-OculusHMD.dll (API version 3709383).
LogModuleManager: Display: Found up-to-date module file ../../../Engine/Plugins/Runtime/Oculus/OculusVR/Binaries/Win64/UE4Editor-OculusInput.dll (API version 3709383).
LogModuleManager: Display: Found up-to-date module file ../../../Engine/Plugins/Runtime/Oculus/OculusVR/Binaries/Win64/UE4Editor-OculusEditor.dll (API version 3709383).
LogModuleManager: Display: Found up-to-date module file ../../../Engine/Plugins/Runtime/PhysXVehicles/Binaries/Win64/UE4Editor-PhysXVehicles.dll (API version 3709383).
LogModuleManager: Display: Found up-to-date module file ../../../Engine/Plugins/Runtime/PhysXVehicles/Binaries/Win64/UE4Editor-PhysXVehiclesEditor.dll (API version 3709383).
LogModuleManager: Display: Found up-to-date module file ../../../Engine/Plugins/Runtime/ProceduralMeshComponent/Binaries/Win64/UE4Editor-ProceduralMeshComponent.dll (API version 3709383).
LogModuleManager: Display: Found up-to-date module file ../../../Engine/Plugins/Runtime/ProceduralMeshComponent/Binaries/Win64/UE4Editor-ProceduralMeshComponentEditor.dll (API version 3709383).
LogModuleManager: Display: Found up-to-date module file ../../../Engine/Plugins/Runtime/RuntimePhysXCooking/Binaries/Win64/UE4Editor-RuntimePhysXCooking.dll (API version 3709383).
LogModuleManager: Display: Found up-to-date module file ../../../Engine/Plugins/Runtime/Steam/SteamVR/Binaries/Win64/UE4Editor-SteamVR.dll (API version 3709383).
LogModuleManager: Display: Found up-to-date module file ../../../Engine/Plugins/Runtime/Steam/SteamVR/Binaries/Win64/UE4Editor-SteamVRController.dll (API version 3709383).
LogModuleManager: Display: Found up-to-date module file ../../../Engine/Plugins/Runtime/WindowsMoviePlayer/Binaries/Win64/UE4Editor-WindowsMoviePlayer.dll (API version 3709383).
LogPluginManager: Mounting plugin Paper2D
LogPluginManager: Mounting plugin LightPropagationVolume
LogPluginManager: Mounting plugin CodeLiteSourceCodeAccess
LogPluginManager: Mounting plugin GitSourceControl
LogPluginManager: Mounting plugin KDevelopSourceCodeAccess
LogPluginManager: Mounting plugin NullSourceCodeAccess
LogPluginManager: Mounting plugin PerforceSourceControl
LogPluginManager: Mounting plugin SubversionSourceControl
LogPluginManager: Mounting plugin UObjectPlugin
LogPluginManager: Mounting plugin VisualStudioCodeSourceCodeAccess
LogPluginManager: Mounting plugin VisualStudioSourceCodeAccess
LogPluginManager: Mounting plugin XCodeSourceCodeAccess
LogPluginManager: Mounting plugin AssetManagerEditor
LogPluginManager: Mounting plugin AudioCapture
LogPluginManager: Mounting plugin FacialAnimation
LogPluginManager: Mounting plugin GameplayTagsEditor
LogPluginManager: Mounting plugin MobileLauncherProfileWizard
LogPluginManager: Mounting plugin PluginBrowser
LogPluginManager: Mounting plugin SpeedTreeImporter
LogPluginManager: Mounting plugin AlembicImporter
LogPluginManager: Mounting plugin CharacterAI
LogPluginManager: Mounting plugin HTML5Networking
LogPluginManager: Mounting plugin AndroidMedia
LogPluginManager: Mounting plugin AvfMedia
LogPluginManager: Mounting plugin ImgMedia
LogPluginManager: Mounting plugin MediaCompositing
LogPluginManager: Mounting plugin MediaPlayerEditor
LogPluginManager: Mounting plugin WmfMedia
LogPluginManager: Mounting plugin TcpMessaging
LogPluginManager: Mounting plugin UdpMessaging
LogPluginManager: Mounting plugin ActorSequence
LogPluginManager: Mounting plugin LevelSequenceEditor
LogPluginManager: Mounting plugin MatineeToLevelSequence
LogPluginManager: Mounting plugin OnlineSubsystemGooglePlay
LogPluginManager: Mounting plugin OnlineSubsystemIOS
LogPluginManager: Mounting plugin OnlineSubsystem
LogPluginManager: Mounting plugin OnlineSubsystemNull
LogPluginManager: Mounting plugin OnlineSubsystemUtils
LogPluginManager: Mounting plugin AndroidDeviceProfileSelector
LogPluginManager: Mounting plugin AndroidMoviePlayer
LogPluginManager: Mounting plugin AndroidPermission
LogPluginManager: Mounting plugin AppleARKit
LogPluginManager: Mounting plugin AppleMoviePlayer
LogPluginManager: Mounting plugin ArchVisCharacter
LogPluginManager: Mounting plugin CableComponent
LogPluginManager: Mounting plugin CustomMeshComponent
LogPluginManager: Mounting plugin ExampleDeviceProfileSelector
LogPluginManager: Mounting plugin GoogleCloudMessaging
LogPluginManager: Mounting plugin ImmediatePhysics
LogPluginManager: Mounting plugin IOSDeviceProfileSelector
LogPluginManager: Mounting plugin LinuxDeviceProfileSelector
LogPluginManager: Mounting plugin LocationServicesBPLibrary
LogPluginManager: Mounting plugin MobilePatchingUtils
LogPluginManager: Mounting plugin OculusVR
LogPluginManager: Plugin shader directory ../../../Engine/Plugins/Runtime/Oculus/OculusVR/Shaders found
LogPluginManager: Mapping shader source directory ../../../Engine/Plugins/Runtime/Oculus/OculusVR/Shaders to virtual directory /Plugin/OculusVR
LogPluginManager: Mounting plugin PhysXVehicles
LogPluginManager: Mounting plugin ProceduralMeshComponent
LogPluginManager: Mounting plugin RuntimePhysXCooking
LogPluginManager: Mounting plugin SteamVR
LogPluginManager: Mounting plugin WindowsMoviePlayer
LogInit: Using libcurl 7.47.1
LogInit:  - built for x86_64-pc-win32
LogInit:  - supports SSL with OpenSSL/1.0.2g
LogInit:  - supports HTTP deflate (compression) using libz 1.2.8
LogInit:  - other features:
LogInit:      CURL_VERSION_SSL
LogInit:      CURL_VERSION_LIBZ
LogInit:      CURL_VERSION_IPV6
LogInit:      CURL_VERSION_ASYNCHDNS
LogInit:      CURL_VERSION_LARGEFILE
LogInit:      CURL_VERSION_IDN
LogInit:  CurlRequestOptions (configurable via config and command line):
LogInit:  - bVerifyPeer = false  - Libcurl will NOT verify peer certificate
LogInit:  - bUseHttpProxy = false  - Libcurl will NOT use HTTP proxy
LogInit:  - bDontReuseConnections = false  - Libcurl will reuse connections
LogInit:  - CertBundlePath = nullptr  - Libcurl will use whatever was configured at build time.
LogInit: Build: ++UE4+Release-4.18-CL-3832480
LogInit: Engine Version: 4.18.3-3832480+++UE4+Release-4.18
LogInit: Compatible Engine Version: 4.18.0-3709383+++UE4+Release-4.18
LogInit: Net CL: 3709383
LogDevObjectVersion: Number of dev versions registered: 16
LogDevObjectVersion:   Dev-Blueprints (B0D832E4-1F89-4F0D-ACCF-7EB736FD4AA2): 10
LogDevObjectVersion:   Dev-Build (E1C64328-A22C-4D53-A36C-8E866417BD8C): 0
LogDevObjectVersion:   Dev-Core (375EC13C-06E4-48FB-B500-84F0262A717E): 2
LogDevObjectVersion:   Dev-Editor (E4B068ED-F494-42E9-A231-DA0B2E46BB41): 20
LogDevObjectVersion:   Dev-Framework (CFFC743F-43B0-4480-9391-14DF171D2073): 30
LogDevObjectVersion:   Dev-Mobile (B02B49B5-BB20-44E9-A304-32B752E40360): 0
LogDevObjectVersion:   Dev-Networking (A4E4105C-59A1-49B5-A7C5-40C4547EDFEE): 0
LogDevObjectVersion:   Dev-Online (39C831C9-5AE6-47DC-9A44-9C173E1C8E7C): 0
LogDevObjectVersion:   Dev-Physics (78F01B33-EBEA-4F98-B9B4-84EACCB95AA2): 0
LogDevObjectVersion:   Dev-Platform (6631380F-2D4D-43E0-8009-CF276956A95A): 0
LogDevObjectVersion:   Dev-Rendering (12F88B9F-8875-4AFC-A67C-D90C383ABD29): 20
LogDevObjectVersion:   Dev-Sequencer (7B5AE74C-D270-4C10-A958-57980B212A5A): 4
LogDevObjectVersion:   Dev-VR (D7296918-1DD6-4BDD-9DE2-64A83CC13884): 0
LogDevObjectVersion:   Dev-LoadTimes (C2A15278-BFE7-4AFE-6C17-90FF531DF755): 1
LogDevObjectVersion:   Private-Geometry (6EACA3D4-40EC-4CC1-B786-8BED09428FC5): 1
LogDevObjectVersion:   Dev-AnimPhys (29E575DD-E0A3-4627-9D10-D276232CDCEA): 12
LogInit: Compiled (64-bit): Jan 12 2018 02:04:55
LogInit: Compiled with Visual C++: 19.00.24215.01
LogInit: Build Configuration: Development
LogInit: Branch Name: ++UE4+Release-4.18
LogInit: Command line: 
LogInit: Base directory: D:/Program Files/UE_4.18/Engine/Binaries/Win64/
LogInit: Installed Engine Build: 1
LogInit: Presizing for max 8388607 objects, including 0 objects not considered by GC, pre-allocating 0 bytes for permanent pool.
LogInit: Object subsystem initialized
[2018.11.28-03.02.52:597][  0]LogInit: Selected Device Profile: [Windows]
[2018.11.28-03.02.52:597][  0]LogInit: Applying CVar settings loaded from the selected device profile: [Windows]
[2018.11.28-03.02.52:602][  0]LogInit: Computer: NQSC125-MSI-16
[2018.11.28-03.02.52:603][  0]LogInit: User: acoelho
[2018.11.28-03.02.52:603][  0]LogInit: CPU Page size=4096, Cores=4
[2018.11.28-03.02.52:603][  0]LogInit: High frequency timer resolution =3.515628 MHz
[2018.11.28-03.02.52:603][  0]LogMemory: Memory total: Physical=31.9GB (32GB approx)
[2018.11.28-03.02.52:603][  0]LogMemory: Platform Memory Stats for Windows
[2018.11.28-03.02.52:603][  0]LogMemory: Process Physical Memory: 272.06 MB used, 272.06 MB peak
[2018.11.28-03.02.52:603][  0]LogMemory: Process Virtual Memory: 263.80 MB used, 263.80 MB peak
[2018.11.28-03.02.52:603][  0]LogMemory: Physical Memory: 5589.87 MB used,  27122.64 MB free, 32712.52 MB total
[2018.11.28-03.02.52:603][  0]LogMemory: Virtual Memory: 4768.01 MB used,  27122.64 MB free, 134217728.00 MB total
[2018.11.28-03.02.52:688][  0]LogInit: Using OS detected language (en-US).
[2018.11.28-03.02.52:688][  0]LogInit: Using OS detected locale (en-US).
[2018.11.28-03.02.52:691][  0]LogTextLocalizationManager: No specific localization for 'en-US' exists, so the 'en' localization will be used.
[2018.11.28-03.02.53:003][  0]LogInit: Setting process to per monitor DPI aware
[2018.11.28-03.02.53:244][  0]LogD3D11RHI: D3D11 adapters:
[2018.11.28-03.02.53:284][  0]LogD3D11RHI:    0. 'NVIDIA GeForce GTX 1070' (Feature Level 11_0)
[2018.11.28-03.02.53:284][  0]LogD3D11RHI:       8096/0/16356 MB DedicatedVideo/DedicatedSystem/SharedSystem, Outputs:1, VendorId:0x10de
[2018.11.28-03.02.53:285][  0]LogD3D11RHI:    1. 'Microsoft Basic Render Driver' (Feature Level 11_0)
[2018.11.28-03.02.53:285][  0]LogD3D11RHI:       0/0/16356 MB DedicatedVideo/DedicatedSystem/SharedSystem, Outputs:0, VendorId:0x1414
[2018.11.28-03.02.53:285][  0]LogD3D11RHI: Chosen D3D11 Adapter: 0
[2018.11.28-03.02.53:290][  0]LogD3D11RHI: Creating new Direct3DDevice
[2018.11.28-03.02.53:290][  0]LogD3D11RHI:     GPU DeviceId: 0x1b81 (for the marketing name, search the web for "GPU Device Id")
[2018.11.28-03.02.53:290][  0]LogWindows: EnumDisplayDevices:
[2018.11.28-03.02.53:290][  0]LogWindows:    0. 'NVIDIA GeForce GTX 1070' (P:1 D:1)
[2018.11.28-03.02.53:290][  0]LogWindows:    1. 'NVIDIA GeForce GTX 1070' (P:0 D:0)
[2018.11.28-03.02.53:290][  0]LogWindows:    2. 'NVIDIA GeForce GTX 1070' (P:0 D:0)
[2018.11.28-03.02.53:290][  0]LogWindows:    3. 'NVIDIA GeForce GTX 1070' (P:0 D:0)
[2018.11.28-03.02.53:290][  0]LogWindows: DebugString: GetVideoDriverDetailsInvalid PrimaryIsNotTheChoosenAdapter GetVideoDriverDetailsInvalid PrimaryIsNotTheChoosenAdapter GetVideoDriverDetailsInvalid PrimaryIsNotTheChoosenAdapter GetVideoDriverDetailsInvalid PrimaryIsNotTheChoosenAdapter FoundDriverCount:0 
[2018.11.28-03.02.53:290][  0]LogD3D11RHI:     Adapter Name: NVIDIA GeForce GTX 1070
[2018.11.28-03.02.53:290][  0]LogD3D11RHI:   Driver Version: Unknown (internal:Unknown, unified:Unknown)
[2018.11.28-03.02.53:290][  0]LogD3D11RHI:      Driver Date: Unknown
[2018.11.28-03.02.53:290][  0]LogRHI: Texture pool is 5667 MB (70% of 8096 MB)
[2018.11.28-03.02.53:312][  0]LogD3D11RHI: Async texture creation enabled
[2018.11.28-03.02.53:323][  0]LogD3D11RHI: GPU Timing Frequency: 1000.000000 (Debug: 2 1)
[2018.11.28-03.02.53:372][  0]LogShaderCompilers: Guid format shader working directory is 3 characters bigger than the processId version (C:/Users/acoelho/Documents/GitHub/Fun_revived/Intermediate/Shaders/WorkingDirectory/7400/).
[2018.11.28-03.02.53:372][  0]LogShaderCompilers: Cleaned the shader compiler working directory 'C:/Users/acoelho/AppData/Local/Temp/UnrealShaderWorkingDir/90D6D670479B8F6AB63C51A5699252C4/'.
[2018.11.28-03.02.53:372][  0]LogShaderCompilers: Display: Using Local Shader Compiler.
[2018.11.28-03.02.54:019][  0]LogTemp: Display: Loaded TP AllDesktopTargetPlatform
[2018.11.28-03.02.54:055][  0]LogTemp: Display: Loaded TP MacClientTargetPlatform
[2018.11.28-03.02.54:090][  0]LogTemp: Display: Loaded TP MacNoEditorTargetPlatform
[2018.11.28-03.02.54:125][  0]LogTemp: Display: Loaded TP MacServerTargetPlatform
[2018.11.28-03.02.54:160][  0]LogTemp: Display: Loaded TP MacTargetPlatform
[2018.11.28-03.02.54:194][  0]LogTemp: Display: Loaded TP WindowsClientTargetPlatform
[2018.11.28-03.02.54:230][  0]LogTemp: Display: Loaded TP WindowsNoEditorTargetPlatform
[2018.11.28-03.02.54:265][  0]LogTemp: Display: Loaded TP WindowsServerTargetPlatform
[2018.11.28-03.02.54:295][  0]LogTemp: Display: Loaded TP WindowsTargetPlatform
[2018.11.28-03.02.54:337][  0]LogTemp: Display: Loaded TP Android_ASTCTargetPlatform
[2018.11.28-03.02.54:371][  0]LogTemp: Display: Loaded TP Android_ATCTargetPlatform
[2018.11.28-03.02.54:406][  0]LogTemp: Display: Loaded TP Android_DXTTargetPlatform
[2018.11.28-03.02.54:441][  0]LogTemp: Display: Loaded TP Android_ETC1TargetPlatform
[2018.11.28-03.02.54:475][  0]LogTemp: Display: Loaded TP Android_ETC2TargetPlatform
[2018.11.28-03.02.54:544][  0]LogTemp: Display: Loaded TP Android_MultiTargetPlatform
[2018.11.28-03.02.54:544][  0]LogTemp: Display: Loaded TP Android_PVRTCTargetPlatform
[2018.11.28-03.02.54:580][  0]LogTemp: Display: Loaded TP AndroidTargetPlatform
[2018.11.28-03.02.54:605][  0]LogTemp: Display: Loaded TP HTML5TargetPlatform
[2018.11.28-03.02.54:672][  0]LogTemp: Display: Loaded TP IOSTargetPlatform
[2018.11.28-03.02.54:690][  0]LogTemp: Display: Loaded TP TVOSTargetPlatform
[2018.11.28-03.02.54:723][  0]LogTemp: Display: Loaded TP LinuxClientTargetPlatform
[2018.11.28-03.02.54:757][  0]LogTemp: Display: Loaded TP LinuxNoEditorTargetPlatform
[2018.11.28-03.02.54:791][  0]LogTemp: Display: Loaded TP LinuxServerTargetPlatform
[2018.11.28-03.02.54:826][  0]LogTemp: Display: Loaded TP LinuxTargetPlatform
[2018.11.28-03.02.54:826][  0]LogTargetPlatformManager: Display: Building Assets For Windows
[2018.11.28-03.02.55:113][  0]LogDerivedDataCache: Display: Max Cache Size: 512 MB
[2018.11.28-03.02.55:159][  0]LogDerivedDataCache: Loaded boot cache 0.05s 69MB C:/Users/acoelho/AppData/Local/UnrealEngine/4.18/DerivedDataCache/Boot.ddc.
[2018.11.28-03.02.55:159][  0]LogDerivedDataCache: Display: Loaded Boot cache: C:/Users/acoelho/AppData/Local/UnrealEngine/4.18/DerivedDataCache/Boot.ddc
[2018.11.28-03.02.55:159][  0]LogDerivedDataCache: FDerivedDataBackendGraph:  Pak pak cache file C:/Users/acoelho/Documents/GitHub/Fun_revived/DerivedDataCache/DDC.ddp not found, will not use a pak cache.
[2018.11.28-03.02.55:159][  0]LogDerivedDataCache: Unable to find inner node Pak for hierarchical cache Hierarchy.
[2018.11.28-03.02.55:160][  0]LogDerivedDataCache: FDerivedDataBackendGraph:  CompressedPak pak cache file C:/Users/acoelho/Documents/GitHub/Fun_revived/DerivedDataCache/Compressed.ddp not found, will not use a pak cache.
[2018.11.28-03.02.55:160][  0]LogDerivedDataCache: Unable to find inner node CompressedPak for hierarchical cache Hierarchy.
[2018.11.28-03.02.55:172][  0]LogDerivedDataCache: Display: Pak cache opened for reading ../../../Engine/DerivedDataCache/Compressed.ddp.
[2018.11.28-03.02.55:184][  0]LogDerivedDataCache: Using Local data cache path C:/Users/acoelho/AppData/Local/UnrealEngine/Common/DerivedDataCache: Writable
[2018.11.28-03.02.55:192][  0]LogMaterial: Verifying Global Shaders for PCD3D_SM5
[2018.11.28-03.02.55:192][  0]LogSlate: Using Freetype 2.6.0
[2018.11.28-03.02.55:193][  0]LogSlate: SlateFontCache - WITH_FREETYPE: 1, WITH_HARFBUZZ: 1
[2018.11.28-03.02.55:193][  0]LogSlate: SlateFontCache - WITH_FREETYPE: 1, WITH_HARFBUZZ: 1
[2018.11.28-03.02.55:473][  0]LogInit: Selected Device Profile: [Windows]
[2018.11.28-03.02.55:704][  0]LogSimplygon: Simplygon DLL not present - disabling.
[2018.11.28-03.02.55:730][  0]LogMeshReduction: Using SimplygonSwarm for distributed automatic mesh merging
[2018.11.28-03.02.55:730][  0]LogMeshReduction: Using QuadricMeshReduction for automatic static mesh reduction
[2018.11.28-03.02.55:730][  0]LogMeshReduction: No automatic skeletal mesh reduction module available
[2018.11.28-03.02.55:730][  0]LogMeshReduction: No automatic mesh merging module available
[2018.11.28-03.02.55:730][  0]LogMeshMerging: No automatic mesh merging module available
[2018.11.28-03.02.55:757][  0]LogNetVersion: Fun_revived , NetCL: 3709383, EngineNetVer: 2, GameNetVer: 0 (Checksum: 3403105984)
[2018.11.28-03.02.55:890][  0]LogAssetRegistry: FAssetRegistry took 0.0252 seconds to start up
[2018.11.28-03.02.56:297][  0]LogPackageLocalizationCache: Processed 7 localized package path(s) for 2 prioritized culture(s) in 0.033357 seconds
[2018.11.28-03.02.56:302][  0]LogUObjectArray: 35870 objects as part of root set at end of initial load.
[2018.11.28-03.02.56:302][  0]LogUObjectAllocator: 7363704 out of 0 bytes used by permanent object pool.
[2018.11.28-03.02.56:302][  0]LogUObjectArray: CloseDisregardForGC: 0/0 objects in disregard for GC pool
[2018.11.28-03.02.56:334][  0]LogInit: WinSock: version 1.1 (2.2), MaxSocks=32767, MaxUdp=65467
[2018.11.28-03.02.58:520][  0]LogTcpMessaging: Initializing TcpMessaging bridge
[2018.11.28-03.02.58:553][  0]LogUdpMessaging: Initializing bridge on interface 0.0.0.0:0 to multicast group 230.0.0.1:6666.
[2018.11.28-03.02.59:047][  0]LogMaterial: Uniform references updated for custom material expression Custom.
[2018.11.28-03.02.59:357][  0]SourceControl: Source control is disabled
[2018.11.28-03.02.59:357][  0]SourceControl: Source control is disabled
[2018.11.28-03.02.59:395][  0]SourceControl: Source control is disabled
[2018.11.28-03.02.59:433][  0]SourceControl: Source control is disabled
[2018.11.28-03.03.00:020][  0]LogAndroidPermission: UAndroidPermissionCallbackProxy::GetInstance
[2018.11.28-03.03.00:212][  0]LogOcInput: OculusInput pre-init called
[2018.11.28-03.03.00:425][  0]LogEngine: Initializing Engine...
[2018.11.28-03.03.00:427][  0]LogHMD: Failed to initialize OpenVR with code 110
[2018.11.28-03.03.00:592][  0]LogStats: UGameplayTagsManager::ConstructGameplayTagTree: Construct from data asset -  0.000 s
[2018.11.28-03.03.00:592][  0]LogStats: UGameplayTagsManager::ConstructGameplayTagTree: GameplayTagTreeChangedEvent.Broadcast -  0.000 s
[2018.11.28-03.03.00:678][  0]LogAIModule: Creating AISystem for world Untitled
[2018.11.28-03.03.00:689][  0]LogInit: XAudio2 using 'Speakers (Realtek High Definition Audio)' : 2 channels at 48 kHz using 32 bits per sample (channel mask 0x3)
[2018.11.28-03.03.00:718][  0]LogInit: FAudioDevice initialized.
[2018.11.28-03.03.00:772][  0]LogDerivedDataCache: Saved boot cache 0.05s 78MB C:/Users/acoelho/AppData/Local/UnrealEngine/4.18/DerivedDataCache/Boot.ddc.
[2018.11.28-03.03.00:781][  0]LogInit: Texture streaming: Enabled
[2018.11.28-03.03.00:838][  0]LogEngineSessionManager: EngineSessionManager initialized
[2018.11.28-03.03.00:923][  0]LogWindowsTextInputMethodSystem: Display: IME system now deactivated.
[2018.11.28-03.03.00:938][  0]LogInit: Transaction tracking system initialized
[2018.11.28-03.03.01:151][  0]BlueprintLog: New page: Editor Load
[2018.11.28-03.03.01:752][  0]LocalizationService: Localization service is disabled
[2018.11.28-03.03.02:334][  0]LogConsoleResponse: Display: 
[2018.11.28-03.03.02:480][  0]LogCook: Display: Max memory allowance for cook 16384mb min free memory 0mb
[2018.11.28-03.03.02:480][  0]LogCook: Display: Mobile HDR setting 1
[2018.11.28-03.03.02:480][  0]LogGameplayTags: Display: UGameplayTagsManager::DoneAddingNativeTags. DelegateIsBound: 0
[2018.11.28-03.03.03:387][  0]LogFileCache: Scanning file cache for directory 'C:/Users/acoelho/Documents/GitHub/Fun_revived/Content/' took 0.01s
[2018.11.28-03.03.03:419][  0]SourceControl: Source control is disabled
[2018.11.28-03.03.03:419][  0]Cmd: MAP LOAD FILE="C:/Users/acoelho/Documents/GitHub/Fun_revived/Content/BEARSTUFF/Map_Bear.umap" TEMPLATE=0 SHOWPROGRESS=1 FEATURELEVEL=3
[2018.11.28-03.03.03:420][  0]LightingResults: New page: Lighting Build
[2018.11.28-03.03.03:455][  0]MapCheck: New page: Map Check
[2018.11.28-03.03.03:455][  0]LightingResults: New page: Lighting Build
[2018.11.28-03.03.03:887][  0]LogAIModule: Creating AISystem for world Map_Bear
[2018.11.28-03.03.03:896][  0]LogEditorServer: Finished looking for orphan Actors (0.000 secs)
[2018.11.28-03.03.03:951][  0]Cmd: MAP CHECKDEP NOCLEARLOG
[2018.11.28-03.03.03:996][  0]MapCheck: Map check complete: 0 Error(s), 0 Warning(s), took 45.504ms to complete.
[2018.11.28-03.03.03:996][  0]LogFileHelpers: Loading map 'Map_Bear' took 0.577
[2018.11.28-03.03.04:117][  0]LogCollectionManager: Loaded 0 collections in 0.000603 seconds
[2018.11.28-03.03.04:181][  0]LogFileCache: Scanning file cache for directory 'C:/Users/acoelho/Documents/GitHub/Fun_revived/Saved/Collections/' took 0.01s
[2018.11.28-03.03.04:181][  0]LogFileCache: Scanning file cache for directory 'C:/Users/acoelho/Documents/GitHub/Fun_revived/Content/Developers/acoelho/Collections/' took 0.01s
[2018.11.28-03.03.04:181][  0]LogFileCache: Scanning file cache for directory 'C:/Users/acoelho/Documents/GitHub/Fun_revived/Content/Collections/' took 0.01s
[2018.11.28-03.03.04:181][  0]LogCollectionManager: Rebuilt the GUID cache for 0 collections in 0.000001 seconds
[2018.11.28-03.03.04:187][  0]LogContentBrowser: Native class hierarchy populated in 0.0063 seconds. Added 2363 classes and 519 folders.
[2018.11.28-03.03.04:231][  0]LogContentBrowser: Native class hierarchy updated for 'WidgetCarousel' in 0.0002 seconds. Added 0 classes and 0 folders.
[2018.11.28-03.03.04:270][  0]LogContentBrowser: Native class hierarchy updated for 'AddContentDialog' in 0.0002 seconds. Added 0 classes and 0 folders.
[2018.11.28-03.03.04:303][  0]LogContentBrowser: Native class hierarchy updated for 'SceneOutliner' in 0.0002 seconds. Added 1 classes and 2 folders.
[2018.11.28-03.03.04:318][  0]LogSlate: Took 0.000228 seconds to synchronously load lazily loaded font '../../../Engine/Content/Slate/Fonts/Roboto-Regular.ttf' (155K)
[2018.11.28-03.03.04:320][  0]LogSlate: Took 0.000216 seconds to synchronously load lazily loaded font '../../../Engine/Content/Slate/Fonts/Roboto-Bold.ttf' (160K)
[2018.11.28-03.03.04:325][  0]LogSlate: Took 0.000311 seconds to synchronously load lazily loaded font '../../../Engine/Content/Editor/Slate/Fonts/FontAwesome.ttf' (139K)
[2018.11.28-03.03.04:408][  0]LogRenderer: Reallocating scene render targets to support 1056x556 Format 10 NumSamples 1 (Frame:1).
[2018.11.28-03.03.04:551][  0]LogContentBrowser: Native class hierarchy updated for 'HierarchicalLODOutliner' in 0.0002 seconds. Added 1 classes and 2 folders.
[2018.11.28-03.03.04:551][  0]LogLoad: (Engine Initialization) Total time: 13.77 seconds
[2018.11.28-03.03.04:551][  0]LogLoad: (Engine Initialization) Total Blueprint compile time: 0.00 seconds
[2018.11.28-03.03.04:551][  0]LogExternalProfiler: No external profilers were discovered.  External profiling features will not be available.
[2018.11.28-03.03.04:580][  0]LogContentStreaming: Texture pool size now 1000 MB
[2018.11.28-03.03.04:621][  0]LogSlate: Took 0.000188 seconds to synchronously load lazily loaded font '../../../Engine/Content/Slate/Fonts/Roboto-Light.ttf' (159K)
[2018.11.28-03.03.04:641][  1]LogAssetRegistry: Asset discovery search completed in 8.7738 seconds
[2018.11.28-03.03.04:643][  1]LogCollectionManager: Rebuilt the object cache for 0 collections in 0.000001 seconds (found 0 objects)
[2018.11.28-03.03.04:643][  1]LogCollectionManager: Fixed up redirectors for 0 collections in 0.000093 seconds (updated 0 objects)
[2018.11.28-03.03.19:235][ 79]LogSlate: Took 0.000177 seconds to synchronously load lazily loaded font '../../../Engine/Content/Slate/Fonts/Roboto-Light.ttf' (159K)
[2018.11.28-03.03.19:263][ 79]LogBlueprint: Error: [Compiler PersistentLevel.Coelho_Map] SomeKindOfEvent  : unable to determine expected signature - is the delegate pin connected?
[2018.11.28-03.03.19:264][ 79]LogBlueprint: Error: [Compiler PersistentLevel.Coelho_Map] Could not find an event-dispatcher named "AddDadDispatch_PC" in 'FirstPersonCharacter_C'.
Make sure 'FirstPersonCharacter_C' has been compiled for  Bind Event to AddDadDispatch_PC
[2018.11.28-03.03.19:264][ 79]LogBlueprint: Error: [Compiler PersistentLevel.Coelho_Map] Failed to create property K2Node_CreateDelegate_OutputDelegate from  <None>  due to a bad or unknown type (Delegate)
[2018.11.28-03.03.19:264][ 79]LogBlueprint: Error: [Compiler PersistentLevel.Coelho_Map] SomeKindOfEvent  Signature Error: Unable to determine expected signature - is the delegate pin connected?
[2018.11.28-03.03.19:264][ 79]LogBlueprint: Warning: [Compiler PersistentLevel.Coelho_Map] [0028.48] Compile of PersistentLevel.Coelho_Map failed. 4 Fatal Issue(s) 0 Warning(s) [in 4 ms] (/Game/Maps/Coelho_Map.Coelho_Map:PersistentLevel.Coelho_Map)
[2018.11.28-03.03.19:294][ 79]LogAIModule: Creating AISystem for world Coelho_Map
[2018.11.28-03.03.19:308][ 79]Cmd: MAP LOAD FILE="C:/Users/acoelho/Documents/GitHub/Fun_revived/Content/Maps/Coelho_Map.umap" TEMPLATE=0 SHOWPROGRESS=1 FEATURELEVEL=3
[2018.11.28-03.03.19:308][ 79]LightingResults: New page: Lighting Build
[2018.11.28-03.03.19:309][ 79]LoadErrors: New page: Loading map: Coelho_Map.umap
[2018.11.28-03.03.19:309][ 79]MapCheck: New page: Map Check
[2018.11.28-03.03.19:309][ 79]LightingResults: New page: Lighting Build
[2018.11.28-03.03.19:322][ 79]LogEditorServer: Finished looking for orphan Actors (0.000 secs)
[2018.11.28-03.03.19:340][ 79]Cmd: MAP CHECKDEP NOCLEARLOG
[2018.11.28-03.03.19:383][ 79]MapCheck: Map check complete: 0 Error(s), 0 Warning(s), took 43.331ms to complete.
[2018.11.28-03.03.19:383][ 79]LogFileHelpers: Loading map 'Coelho_Map' took 0.076
[2018.11.28-03.03.28:393][136]LogEditorViewport: Clicking on Actor (LMB): StaticMeshActor (EditorCube11)
[2018.11.28-03.04.23:798][495]LogFactory: FactoryCreateFile: SoundWave with ReimportSoundFactory (0 0 O:/Game Dev Class/Audio Blog Post/Coelho_Ambiance.wav)
[2018.11.28-03.04.23:809][495]LogAudioDerivedData: Display: Building compressed audio format OGG wave Coelho_Ambiance...
[2018.11.28-03.04.23:997][495]LogAudioDerivedData: Updated SoundWave->RawPCMDataSize during cooking SoundWave /Game/Coelho_Audio/Coelho_Ambiance.Coelho_Ambiance.
[2018.11.28-03.04.24:007][495]LogFactory: FactoryCreateFile: SoundWave with ReimportSoundFactory (0 0 O:/Game Dev Class/Audio Blog Post/Coelho_SFX.wav)
[2018.11.28-03.04.24:010][495]LogAudioDerivedData: Display: Building compressed audio format OGG wave Coelho_SFX...
[2018.11.28-03.04.24:027][495]LogAudioDerivedData: Updated SoundWave->RawPCMDataSize during cooking SoundWave /Game/Coelho_Audio/Coelho_SFX.Coelho_SFX.
[2018.11.28-03.05.15:656][407]LogContentBrowser: Native class hierarchy updated for 'BlueprintGraph' in 0.0004 seconds. Added 116 classes and 0 folders.
[2018.11.28-03.05.16:369][407]LogSlate: Took 0.000281 seconds to synchronously load lazily loaded font '../../../Engine/Content/Slate/Fonts/Roboto-Regular.ttf' (155K)
[2018.11.28-03.05.16:485][407]LogRenderer: Reallocating scene render targets to support 1056x872 Format 10 NumSamples 1 (Frame:1).
[2018.11.28-03.05.18:749][618]LogSlate: Took 0.000195 seconds to synchronously load lazily loaded font '../../../Engine/Content/Editor/Slate/Fonts/Roboto-Italic.ttf' (157K)
[2018.11.28-03.06.35:784][749]LogSlate: Took 0.000218 seconds to synchronously load lazily loaded font '../../../Engine/Content/Editor/Slate/Fonts/Roboto-BoldCondensed.ttf' (158K)
[2018.11.28-03.06.42:307][347]LogSlate: Took 0.000184 seconds to synchronously load lazily loaded font '../../../Engine/Content/Slate/Fonts/Roboto-Light.ttf' (159K)
[2018.11.28-03.06.49:761][116]BlueprintLog: New page: Compile Coelho_SFX_Trigger
[2018.11.28-03.06.51:361][251]LogTemp: Repeating last play command: New Editor Window (PIE)
[2018.11.28-03.06.51:425][251]LogBlueprintUserMessages: Early PlayInEditor Detection: Level '/Game/Maps/Coelho_Map.Coelho_Map:PersistentLevel' has LevelScriptBlueprint '/Game/Maps/Coelho_Map.Coelho_Map:PersistentLevel.Coelho_Map' with GeneratedClass '/Game/Maps/Coelho_Map.Coelho_Map_C' with ClassGeneratedBy '/Game/Maps/Coelho_Map.Coelho_Map:PersistentLevel.Coelho_Map'
[2018.11.28-03.06.51:426][251]BlueprintLog: New page: Pre-Play auto-recompile
[2018.11.28-03.06.51:433][251]LogPlayLevel: [PlayLevel] Compiling Coelho_Map before play...
[2018.11.28-03.06.51:443][251]LogBlueprint: Error: [Compiler PersistentLevel.Coelho_Map] SomeKindOfEvent  : unable to determine expected signature - is the delegate pin connected?
[2018.11.28-03.06.51:443][251]LogBlueprint: Error: [Compiler PersistentLevel.Coelho_Map] Could not find an event-dispatcher named "AddDadDispatch_PC" in 'FirstPersonCharacter_C'.
Make sure 'FirstPersonCharacter_C' has been compiled for  Bind Event to AddDadDispatch_PC
[2018.11.28-03.06.51:443][251]LogBlueprint: Error: [Compiler PersistentLevel.Coelho_Map] Failed to create property K2Node_CreateDelegate_OutputDelegate from  <None>  due to a bad or unknown type (Delegate)
[2018.11.28-03.06.51:443][251]LogBlueprint: Error: [Compiler PersistentLevel.Coelho_Map] SomeKindOfEvent  Signature Error: Unable to determine expected signature - is the delegate pin connected?
[2018.11.28-03.06.51:444][251]LogBlueprint: Warning: [Compiler PersistentLevel.Coelho_Map] [0240.66] Compile of PersistentLevel.Coelho_Map failed. 4 Fatal Issue(s) 0 Warning(s) [in 10 ms] (/Game/Maps/Coelho_Map.Coelho_Map:PersistentLevel.Coelho_Map)
[2018.11.28-03.06.51:523][251]LogPlayLevel: PlayLevel: Blueprint regeneration took 97 ms (1 blueprints)
[2018.11.28-03.06.51:523][251]BlueprintLog: Blueprint Coelho_Map failed to compile
[2018.11.28-03.06.54:438][378]BlueprintLog: New page: Compile Coelho_SFX_Trigger
[2018.11.28-03.06.55:064][410]Cmd: OBJ SAVEPACKAGE PACKAGE="/Game/Coelho_Audio/Coelho_SFX_Trigger" FILE="C:/Users/acoelho/Documents/GitHub/Fun_revived/Content/Coelho_Audio/Coelho_SFX_Trigger.uasset" SILENT=true
[2018.11.28-03.06.55:080][410]LogSavePackage: Save=15.30ms
[2018.11.28-03.06.55:080][410]LogSavePackage: Moving 'C:/Users/acoelho/Documents/GitHub/Fun_revived/Saved/Coelho_SFX_Trigger6FB89EF14D03E23A0BCDD8983FE023EC.tmp' to 'C:/Users/acoelho/Documents/GitHub/Fun_revived/Content/Coelho_Audio/Coelho_SFX_Trigger.uasset'
[2018.11.28-03.06.55:080][410]LogSavePackage: Display: Finished SavePackage C:/Users/acoelho/Documents/GitHub/Fun_revived/Content/Coelho_Audio/Coelho_SFX_Trigger.uasset
[2018.11.28-03.06.57:962][730]LogTemp: Repeating last play command: New Editor Window (PIE)
[2018.11.28-03.06.57:969][730]LogBlueprintUserMessages: Early PlayInEditor Detection: Level '/Game/Maps/Coelho_Map.Coelho_Map:PersistentLevel' has LevelScriptBlueprint '/Game/Maps/Coelho_Map.Coelho_Map:PersistentLevel.Coelho_Map' with GeneratedClass '/Game/Maps/Coelho_Map.Coelho_Map_C' with ClassGeneratedBy '/Game/Maps/Coelho_Map.Coelho_Map:PersistentLevel.Coelho_Map'
[2018.11.28-03.06.57:969][730]BlueprintLog: New page: Pre-Play auto-recompile
[2018.11.28-03.06.57:977][730]LogPlayLevel: [PlayLevel] Compiling Coelho_Map before play...
[2018.11.28-03.06.57:986][730]LogBlueprint: Error: [Compiler PersistentLevel.Coelho_Map] SomeKindOfEvent  : unable to determine expected signature - is the delegate pin connected?
[2018.11.28-03.06.57:987][730]LogBlueprint: Error: [Compiler PersistentLevel.Coelho_Map] Could not find an event-dispatcher named "AddDadDispatch_PC" in 'FirstPersonCharacter_C'.
Make sure 'FirstPersonCharacter_C' has been compiled for  Bind Event to AddDadDispatch_PC
[2018.11.28-03.06.57:987][730]LogBlueprint: Error: [Compiler PersistentLevel.Coelho_Map] Failed to create property K2Node_CreateDelegate_OutputDelegate from  <None>  due to a bad or unknown type (Delegate)
[2018.11.28-03.06.57:987][730]LogBlueprint: Error: [Compiler PersistentLevel.Coelho_Map] SomeKindOfEvent  Signature Error: Unable to determine expected signature - is the delegate pin connected?
[2018.11.28-03.06.57:988][730]LogBlueprint: Warning: [Compiler PersistentLevel.Coelho_Map] [0247.21] Compile of PersistentLevel.Coelho_Map failed. 4 Fatal Issue(s) 0 Warning(s) [in 11 ms] (/Game/Maps/Coelho_Map.Coelho_Map:PersistentLevel.Coelho_Map)
[2018.11.28-03.06.58:065][730]LogPlayLevel: PlayLevel: Blueprint regeneration took 96 ms (1 blueprints)
[2018.11.28-03.06.58:065][730]BlueprintLog: Blueprint Coelho_Map failed to compile
[2018.11.28-03.07.01:396][730]PIE: New page: PIE session: Coelho_Map (Nov 27, 2018, 5:07:01 PM)
[2018.11.28-03.07.01:396][730]LogPlayLevel: Creating play world package: /Game/Maps/UEDPIE_0_Coelho_Map
[2018.11.28-03.07.01:411][730]LogPlayLevel: PIE: StaticDuplicateObject took: (0.015079s)
[2018.11.28-03.07.01:412][730]LogAIModule: Creating AISystem for world Coelho_Map
[2018.11.28-03.07.01:412][730]LogPlayLevel: PIE: World Init took: (0.000657s)
[2018.11.28-03.07.01:412][730]LogPlayLevel: PIE: Created PIE world by copying editor world from /Game/Maps/Coelho_Map.Coelho_Map to /Game/Maps/UEDPIE_0_Coelho_Map.Coelho_Map (0.016051s)
[2018.11.28-03.07.01:433][730]LogInit: XAudio2 using 'Speakers (Realtek High Definition Audio)' : 2 channels at 48 kHz using 32 bits per sample (channel mask 0x3)
[2018.11.28-03.07.01:459][730]LogInit: FAudioDevice initialized.
[2018.11.28-03.07.01:512][730]LogLoad: Game class is 'FirstPersonGameMode_C'
[2018.11.28-03.07.01:515][730]LogWorld: Bringing World /Game/Maps/UEDPIE_0_Coelho_Map.Coelho_Map up for play (max tick rate 0) at 2018.11.27-22.07.01
[2018.11.28-03.07.01:518][730]LogLinker: Warning: Can't find file '/Game/Sequences/HeagneySequence'
[2018.11.28-03.07.01:518][730]LogLinker: Warning: Can't find file '/Game/Sequences/HeagneySequence'
[2018.11.28-03.07.01:518][730]LogUObjectGlobals: Warning: Failed to find object 'Object /Game/Sequences/HeagneySequence.HeagneySequence'
[2018.11.28-03.07.01:518][730]LogLinker: Warning: Can't find file '/Game/Sequences/PaCarrot'
[2018.11.28-03.07.01:518][730]LogLinker: Warning: Can't find file '/Game/Sequences/PaCarrot'
[2018.11.28-03.07.01:518][730]LogUObjectGlobals: Warning: Failed to find object 'Object /Game/Sequences/PaCarrot.PaCarrot'
[2018.11.28-03.07.01:518][730]LogLinker: Warning: Can't find file '/Game/Sequences/cube'
[2018.11.28-03.07.01:518][730]LogLinker: Warning: Can't find file '/Game/Sequences/cube'
[2018.11.28-03.07.01:519][730]LogUObjectGlobals: Warning: Failed to find object 'Object /Game/Sequences/cube.cube'
[2018.11.28-03.07.01:519][730]LogWorld: Bringing up level for play took: 0.005464
[2018.11.28-03.07.01:548][730]LogContentBrowser: Native class hierarchy updated for 'MovieSceneCapture' in 0.0002 seconds. Added 11 classes and 0 folders.
[2018.11.28-03.07.01:552][730]PIE: Play in editor start time for /Game/Maps/UEDPIE_0_Coelho_Map 4.243
[2018.11.28-03.07.01:552][730]LogBlueprintUserMessages: Late PlayInEditor Detection: Level '/Game/Maps/Coelho_Map.Coelho_Map:PersistentLevel' has LevelScriptBlueprint '/Game/Maps/Coelho_Map.Coelho_Map:PersistentLevel.Coelho_Map' with GeneratedClass '/Game/Maps/Coelho_Map.Coelho_Map_C' with ClassGeneratedBy '/Game/Maps/Coelho_Map.Coelho_Map:PersistentLevel.Coelho_Map'
[2018.11.28-03.07.01:578][730]LogRenderer: Reallocating scene render targets to support 1292x872 Format 10 NumSamples 1 (Frame:1).
[2018.11.28-03.07.11:545][920]LogBlueprintUserMessages: Early EndPlayMap Detection: Level '/Game/Maps/Coelho_Map.Coelho_Map:PersistentLevel' has LevelScriptBlueprint '/Game/Maps/Coelho_Map.Coelho_Map:PersistentLevel.Coelho_Map' with GeneratedClass '/Game/Maps/Coelho_Map.Coelho_Map_C' with ClassGeneratedBy '/Game/Maps/Coelho_Map.Coelho_Map:PersistentLevel.Coelho_Map'
[2018.11.28-03.07.11:585][920]LogBlueprintUserMessages: Late EndPlayMap Detection: Level '/Game/Maps/Coelho_Map.Coelho_Map:PersistentLevel' has LevelScriptBlueprint '/Game/Maps/Coelho_Map.Coelho_Map:PersistentLevel.Coelho_Map' with GeneratedClass '/Game/Maps/Coelho_Map.Coelho_Map_C' with ClassGeneratedBy '/Game/Maps/Coelho_Map.Coelho_Map:PersistentLevel.Coelho_Map'
[2018.11.28-03.07.14:058][213]Cmd: OBJ SAVEPACKAGE PACKAGE="/Game/Maps/Coelho_Map" FILE="C:/Users/acoelho/Documents/GitHub/Fun_revived/Content/Maps/Coelho_Map.umap" SILENT=true AUTOSAVING=false KEEPDIRTY=false
[2018.11.28-03.07.14:093][213]LogBlueprint: Error: [Compiler PersistentLevel.Coelho_Map] SomeKindOfEvent  : unable to determine expected signature - is the delegate pin connected?
[2018.11.28-03.07.14:093][213]LogBlueprint: Error: [Compiler PersistentLevel.Coelho_Map] Could not find an event-dispatcher named "AddDadDispatch_PC" in 'FirstPersonCharacter_C'.
Make sure 'FirstPersonCharacter_C' has been compiled for  Bind Event to AddDadDispatch_PC
[2018.11.28-03.07.14:093][213]LogBlueprint: Error: [Compiler PersistentLevel.Coelho_Map] Failed to create property K2Node_CreateDelegate_OutputDelegate from  <None>  due to a bad or unknown type (Delegate)
[2018.11.28-03.07.14:094][213]LogBlueprint: Error: [Compiler PersistentLevel.Coelho_Map] SomeKindOfEvent  Signature Error: Unable to determine expected signature - is the delegate pin connected?
[2018.11.28-03.07.14:094][213]LogBlueprint: Warning: [Compiler PersistentLevel.Coelho_Map] [0263.32] Compile of PersistentLevel.Coelho_Map failed. 4 Fatal Issue(s) 0 Warning(s) [in 10 ms] (/Game/Maps/Coelho_Map.Coelho_Map:PersistentLevel.Coelho_Map)
[2018.11.28-03.07.14:291][213]LogSavePackage: Save=213.96ms
[2018.11.28-03.07.14:291][213]LogSavePackage: Moving 'C:/Users/acoelho/Documents/GitHub/Fun_revived/Saved/Coelho_MapAECC39C54D3A8C9491A3F394C299D6E2.tmp' to 'C:/Users/acoelho/Documents/GitHub/Fun_revived/Content/Maps/Coelho_Map.umap'
[2018.11.28-03.07.14:292][213]LogSavePackage: Display: Finished SavePackage C:/Users/acoelho/Documents/GitHub/Fun_revived/Content/Maps/Coelho_Map.umap
